d:\project\mvc\project1\x64\debug\vc143.pdb
d:\project\mvc\project1\x64\debug\vc143.idb
d:\project\mvc\project1\x64\debug\__view_impl.obj
d:\project\mvc\project1\x64\debug\__data_model_impl.obj
d:\project\mvc\project1\x64\debug\__controll_impl.obj
d:\project\mvc\project1\x64\debug\view_templete.obj
d:\project\mvc\project1\x64\debug\main.obj
d:\project\mvc\project1\x64\debug\data_model_templete.obj
d:\project\mvc\project1\x64\debug\controll_templete.obj
d:\project\mvc\project1\x64\debug\mvc.obj
d:\project\mvc\project1\x64\debug\event_manager.obj
d:\project\mvc\project1\x64\debug\project1.ilk
d:\project\mvc\project1\x64\debug\project1.exe
d:\project\mvc\project1\x64\debug\project1.pdb
d:\project\mvc\project1\x64\debug\project1.tlog\cl.command.1.tlog
d:\project\mvc\project1\x64\debug\project1.tlog\cl.read.1.tlog
d:\project\mvc\project1\x64\debug\project1.tlog\cl.write.1.tlog
d:\project\mvc\project1\x64\debug\project1.tlog\link.command.1.tlog
d:\project\mvc\project1\x64\debug\project1.tlog\link.read.1.tlog
d:\project\mvc\project1\x64\debug\project1.tlog\link.write.1.tlog
